amathutils_lib
as
astar_search
autoware_bag_tools
autoware_build_flags
autoware_camera_lidar_calibrator
autoware_connector
autoware_driveworks_gmsl_interface
autoware_driveworks_interface
autoware_external_msgs
autoware_launcher
autoware_launcher_rviz
autoware_msgs
aw_data
aw_platform
aw_sim_platform
calibration_publisher
cam_lidar_calibration
can_dbc_parser
carla_autoware_bridge
catkin_tools_prebuild
costmap_generator
decision_maker
decision_maker_panel
delphi_esr
delphi_mrr
delphi_srr
derived_object_msgs
dp_planner
ekf_localizer
emergency_handler
ff_waypoint_follower
freespace_planner
gazebo_camera_description
gazebo_imu_description
gazebo_world_description
geodesy
gnss
gnss_localizer
gpsins_localizer
graph_tools
imm_ukf_pda_track
integrated_viewer
joy
jsk_recognition_msgs
jsk_rviz_plugins
kitti_box_publisher
kitti_launch
kitti_player
kvaser_interface
lane_planner
lanelet2_core
lanelet2_io
lanelet2_projection
lanelet2_routing
lanelet2_validation
lattice_planner
lgsvl_simulator_bridge
libvectormap
libwaypoint_follower
lidar_apollo_cnn_seg_detect
lidar_euclidean_cluster_detect
lidar_fake_perception
lidar_kf_contour_track
lidar_localizer
lidar_naive_l_shape_detect
lidar_point_pillars
lidar_shape_estimation
ll2_global_planner
log_tools
map_file
map_tf_generator
map_tools
mobileye_560_660
mpc_follower
mrt_cmake_modules
naive_motion_predict
ndt_cpu
ndt_gpu
ndt_tku
novatel_oem7_driver
object_map
op_global_planner
op_local_planner
op_planner
op_ros_helpers
op_simu
op_simulation_package
op_utilities
op_utility
pacmod3
pc2_downsampler
pcl_omp_registration
pdu
pdu_msgs
pixel_cloud_fusion
points2image
points_downsampler
points_preprocessor
pure_pursuit
range_vision_fusion
raptor_dbw_can
raptor_dbw_joystick_demo
raptor_dbw_joystick_speed_demo
raptor_dbw_msgs
road_occupancy_processor
roi_object_filter
ros_observer
rosapi
rosbridge_library
rosbridge_server
sound_play
ssc_joystick
ssc_ne_ram
ssc_ne_pacifica
stanley_controller
state_machine_lib
trafficlight_recognizer
twist_filter
twist_gate
unique_id
uvc_camera
vector_map_server
vehicle_description
vehicle_engage_panel
vehicle_gazebo_simulation_interface
vehicle_gazebo_simulation_launcher
vehicle_model
vehicle_platform
vehicle_sim_model
vel_pose_diff_checker
velodyne_driver
velodyne_pointcloud
vision_beyond_track
vision_darknet_detect
vision_lane_detect
vision_segment_enet_detect
vision_ssd_detect
way_planner
waypoint_maker
waypoint_planner
wf_simulator
