amathutils_lib
as
astar_search
audio_common_msgs
automotive_navigation_msgs
automotive_platform_msgs
autoware_bag_tools
autoware_build_flags
autoware_camera_lidar_calibrator
autoware_can_msgs
autoware_config_msgs
autoware_connector
autoware_driveworks_gmsl_interface
autoware_driveworks_interface
autoware_external_msgs
autoware_health_checker
autoware_lanelet2_msgs
autoware_launcher
autoware_launcher_rviz
autoware_map_msgs
autoware_msgs
autoware_rviz_plugins
autoware_system_msgs
avt_vimba_camera
aw_data
aw_platform
aw_sim_platform
calibration_publisher
cam_lidar_calibration
can_dbc_parser
can_msgs
carla_autoware_bridge
carla_msgs
catkin_tools_prebuild
costmap_generator
decision_maker
decision_maker_panel
delphi_esr
delphi_esr_msgs
delphi_mrr
delphi_mrr_msgs
delphi_srr
delphi_srr_msgs
derived_object_msgs
detected_objects_visualizer
dp_planner
dynamic_tf_publisher
effort_controllers
ekf_localizer
emergency_handler
ff_waypoint_follower
freespace_planner
gazebo_camera_description
gazebo_imu_description
gazebo_world_description
geodesy
geographic_msgs
gnss
gnss_localizer
gps_common
gpsins_localizer
graph_tools
grid_map_core
grid_map_cv
grid_map_msgs
grid_map_ros
image_view2
imm_ukf_pda_track
integrated_viewer
joy
jsk_footstep_msgs
jsk_gui_msgs
jsk_hark_msgs
jsk_recognition_msgs
jsk_recognition_utils
jsk_rviz_plugins
jsk_topic_tools
kitti_box_publisher
kitti_launch
kitti_player
kvaser_interface
lane_planner
lanelet2_core
lanelet2_extension
lanelet2_io
lanelet2_maps
lanelet2_projection
lanelet2_python
lanelet2_routing
lanelet2_traffic_rules
lanelet2_validation
lanelet_aisan_converter
lattice_planner
lgsvl_msgs
lgsvl_simulator_bridge
libvectormap
libwaypoint_follower
lidar_apollo_cnn_seg_detect
lidar_euclidean_cluster_detect
lidar_fake_perception
lidar_kf_contour_track
lidar_localizer
lidar_naive_l_shape_detect
lidar_point_pillars
lidar_shape_estimation
ll2_global_planner
log_tools
map_file
map_tf_generator
map_tools
mobileye_560_660
mobileye_560_660_msgs
mpc_follower
mrt_cmake_modules
multi_lidar_calibrator
naive_motion_predict
ndt_cpu
ndt_gpu
ndt_tku
network_interface
nmea_msgs
nmea_navsat_driver
novatel_gps_msgs
novatel_oem7_driver
novatel_oem7_msgs
object_map
op_global_planner
op_local_planner
op_planner
op_ros_helpers
op_simu
op_simulation_package
op_utilities
op_utility
pacmod3
pacmod_game_control
pacmod_msgs
pc2_downsampler
pcl_omp_registration
pdu
pdu_msgs
people_msgs
pixel_cloud_fusion
points2image
points_downsampler
points_preprocessor
posedetection_msgs
pure_pursuit
qpoases_vendor
radar_msgs
range_vision_fusion
raptor_dbw_can
raptor_dbw_joystick_demo
raptor_dbw_joystick_speed_demo
raptor_dbw_msgs
road_occupancy_processor
roi_object_filter
ros_observer
rosapi
rosauth
rosbridge_library
rosbridge_msgs
rosbridge_server
runtime_manager
sound_play
sound_player
ssc_joystick
ssc_ne_ram
ssc_ne_pacifica
stanley_controller
state_machine_lib
tablet_socket_msgs
trafficlight_recognizer
twist_filter
twist_gate
unique_id
uuid_msgs
uvc_camera
vector_map
vector_map_msgs
vector_map_server
vehicle_description
vehicle_engage_panel
vehicle_gazebo_simulation_interface
vehicle_gazebo_simulation_launcher
vehicle_model
vehicle_platform
vehicle_sim_model
vel_pose_diff_checker
velocity_controllers
velodyne_description
velodyne_driver
velodyne_gazebo_plugins
velodyne_laserscan
velodyne_msgs
velodyne_pointcloud
view_controller_msgs
vision_beyond_track
vision_darknet_detect
vision_lane_detect
vision_segment_enet_detect
vision_ssd_detect
way_planner
waypoint_maker
waypoint_planner
wf_simulator
